<?xml version="1.0" encoding="UTF-8"?>
<testsuite name="co.com.reto.choucair.sistecredito.runners.FalabellaRunner" tests="0" skipped="0" failures="0" errors="0" timestamp="1970-01-01T00:00:00" hostname="CHMEPPF350ZMK" time="0.0">
  <properties/>
  <system-out><![CDATA[
1 Scenarios (?[32m1 passed?[0m)
4 Steps (?[32m4 passed?[0m)
0m56,850s


]]></system-out>
  <system-err><![CDATA[[Test worker] INFO net.thucydides.core.steps.ConsoleLoggingListener - ?[96m
--------------
- SERENITY   -
--------------?[0m
[Test worker] INFO net.thucydides.core.steps.ConsoleLoggingListener - Test Suite Started: Falabella's shopping
[Test worker] INFO net.thucydides.core.steps.ConsoleLoggingListener - ?[92m
---------------
- TEST PASSED -
---------------
TEST PASSED: Shopping
----------------?[0m
[pool-2-thread-1] INFO net.thucydides.core.requirements.PackageRequirementsTagProvider - Loading requirements from package requirements at: net.thucydides.showcase.cucumber.junit
]]></system-err>
</testsuite>
