<?xml version="1.0" encoding="UTF-8"?>
<testsuite name="Falabella's shopping" tests="1" skipped="0" failures="0" errors="0" timestamp="2022-05-11T14:26:55" hostname="CHMEPPF350ZMK" time="55.34">
  <properties/>
  <testcase name="Shopping" classname="Falabella's shopping" time="55.34"/>
  <system-out><![CDATA[

?[32m.?[0m







?[32m.?[0m
BANDERA !! 
el nombre de la ciudad es :  : BELLO
el nombre del departamento es :  : ANTIOQUIA









?[32m.?[0m
C
el dato es : true

?[32m.?[0m
]]></system-out>
  <system-err><![CDATA[[Test worker] INFO net.thucydides.core.steps.ConsoleLoggingListener - 
----------------
- TEST STARTED -
----------------
TEST STARTED: Shopping
-----------------(falabella-s-shopping;shopping)
[Test worker] INFO net.thucydides.core.steps.ConsoleLoggingListener - STARTING STEP Given User wants to open and search a item inside Falabella store
[Test worker] INFO net.thucydides.core.steps.ConsoleLoggingListener - STARTING STEP Alejandro open web site
[Test worker] INFO net.thucydides.core.steps.ConsoleLoggingListener - STARTING STEP Alejandro opens the https://www.falabella.com.co/falabella-co
may 11, 2022 9:26:56 AM org.openqa.selenium.remote.DesiredCapabilities chrome
INFORMACIÓN: Using `new ChromeOptions()` is preferred to `DesiredCapabilities.chrome()`
Starting ChromeDriver 101.0.4951.41 (93c720db8323b3ec10d056025ab95c23a31997c9-refs/branch-heads/4951@{#904}) on port 24432
Only local connections are allowed.
Please see https://chromedriver.chromium.org/security-considerations for suggestions on keeping ChromeDriver safe.
ChromeDriver was started successfully.
may 11, 2022 9:27:00 AM org.openqa.selenium.remote.ProtocolHandshake createSession
INFORMACIÓN: Detected dialect: W3C
[Test worker] INFO net.thucydides.core.steps.ConsoleLoggingListener - FINISHING STEP
[Test worker] INFO net.thucydides.core.steps.ConsoleLoggingListener - FINISHING STEP
[Test worker] INFO net.thucydides.core.steps.ConsoleLoggingListener - FINISHING STEP
[Test worker] INFO net.thucydides.core.steps.ConsoleLoggingListener - STARTING STEP When User got put the item Audífonos JBL T500BLKAM in  search place item
[Test worker] INFO net.thucydides.core.steps.ConsoleLoggingListener - STARTING STEP Alejandro add item
[Test worker] INFO net.thucydides.core.steps.ConsoleLoggingListener - STARTING STEP Alejandro enters 'AudÃ­fonos JBL T500BLKAM' into Item place for search 
[Test worker] INFO net.thucydides.core.steps.ConsoleLoggingListener - FINISHING STEP
[Test worker] INFO net.thucydides.core.steps.ConsoleLoggingListener - STARTING STEP Alejandro clicks on Button search
[Test worker] INFO net.thucydides.core.steps.ConsoleLoggingListener - FINISHING STEP
[Test worker] INFO net.thucydides.core.steps.ConsoleLoggingListener - STARTING STEP Alejandro clicks on Market place
[Test worker] INFO net.thucydides.core.steps.ConsoleLoggingListener - FINISHING STEP
[Test worker] INFO net.thucydides.core.steps.ConsoleLoggingListener - FINISHING STEP
[Test worker] INFO net.thucydides.core.steps.ConsoleLoggingListener - STARTING STEP Alejandro shopping bag
[Test worker] INFO net.thucydides.core.steps.ConsoleLoggingListener - STARTING STEP Alejandro clicks on To see shopping bag 
[Test worker] INFO net.thucydides.core.steps.ConsoleLoggingListener - FINISHING STEP
[Test worker] INFO net.thucydides.core.steps.ConsoleLoggingListener - STARTING STEP Alejandro clicks on Go to buy
[Test worker] INFO net.thucydides.core.steps.ConsoleLoggingListener - FINISHING STEP
[Test worker] INFO net.thucydides.core.steps.ConsoleLoggingListener - FINISHING STEP
[Test worker] INFO net.thucydides.core.steps.ConsoleLoggingListener - FINISHING STEP
[Test worker] INFO net.thucydides.core.steps.ConsoleLoggingListener - STARTING STEP And User got put the item ANTIOQUIA in department after BELLO in city and also town
[Test worker] INFO net.thucydides.core.steps.ConsoleLoggingListener - STARTING STEP Alejandro dispatch
[Test worker] INFO net.thucydides.core.steps.ConsoleLoggingListener - STARTING STEP Alejandro enters 'ANTIOQUIA' into Region place
[Test worker] INFO net.thucydides.core.steps.ConsoleLoggingListener - FINISHING STEP
[Test worker] INFO net.thucydides.core.steps.ConsoleLoggingListener - STARTING STEP Alejandro enters 'BELLO' into city place
[Test worker] INFO net.thucydides.core.steps.ConsoleLoggingListener - FINISHING STEP
[Test worker] INFO net.thucydides.core.steps.ConsoleLoggingListener - STARTING STEP Alejandro enters 'BELLO' into Town place
[Test worker] INFO net.thucydides.core.steps.ConsoleLoggingListener - FINISHING STEP
[Test worker] INFO net.thucydides.core.steps.ConsoleLoggingListener - STARTING STEP Alejandro clicks on Button for continue with dispatch place
[Test worker] INFO net.thucydides.core.steps.ConsoleLoggingListener - FINISHING STEP
[Test worker] INFO net.thucydides.core.steps.ConsoleLoggingListener - STARTING STEP Alejandro enters 'Apt. 777 008 Lillian Hollow, Sanfordmouth, NY 39530' into User's address
[Test worker] INFO net.thucydides.core.steps.ConsoleLoggingListener - FINISHING STEP
[Test worker] INFO net.thucydides.core.steps.ConsoleLoggingListener - STARTING STEP Alejandro enters '3937' into User's apartment
[Test worker] INFO net.thucydides.core.steps.ConsoleLoggingListener - FINISHING STEP
[Test worker] INFO net.thucydides.core.steps.ConsoleLoggingListener - STARTING STEP Alejandro clicks on User's adress button
[Test worker] INFO net.thucydides.core.steps.ConsoleLoggingListener - FINISHING STEP
[Test worker] INFO net.thucydides.core.steps.ConsoleLoggingListener - STARTING STEP Alejandro clicks on When user put the address and then user can to continue for pay
[Test worker] INFO net.thucydides.core.steps.ConsoleLoggingListener - FINISHING STEP
[Test worker] INFO net.thucydides.core.steps.ConsoleLoggingListener - FINISHING STEP
[Test worker] INFO net.thucydides.core.steps.ConsoleLoggingListener - FINISHING STEP
[Test worker] INFO net.thucydides.core.steps.ConsoleLoggingListener - STARTING STEP Then User can go to payment process
[Test worker] INFO net.thucydides.core.steps.ConsoleLoggingListener - STARTING STEP Then Message about payment process 
[Test worker] INFO net.thucydides.core.steps.ConsoleLoggingListener - FINISHING STEP
[Test worker] INFO net.thucydides.core.steps.ConsoleLoggingListener - FINISHING STEP
]]></system-err>
</testsuite>
